{
  "RSpec": {
    "coverage": {
      "/Users/bradyrohrig/turing_work/3mod/projects/rails_engine_fe/app/helpers/application_helper.rb": {
        "lines": [
          1,
          null
        ]
      },
      "/Users/bradyrohrig/turing_work/3mod/projects/rails_engine_fe/app/controllers/items_controller.rb": {
        "lines": [
          1,
          1,
          2,
          null,
          null,
          1,
          1,
          1,
          null,
          null,
          null,
          null
        ]
      },
      "/Users/bradyrohrig/turing_work/3mod/projects/rails_engine_fe/app/controllers/application_controller.rb": {
        "lines": [
          1,
          null
        ]
      },
      "/Users/bradyrohrig/turing_work/3mod/projects/rails_engine_fe/app/facades/items_facade.rb": {
        "lines": [
          1,
          1,
          2,
          122,
          null,
          null,
          null,
          1,
          1,
          null,
          null
        ]
      },
      "/Users/bradyrohrig/turing_work/3mod/projects/rails_engine_fe/app/services/item_service.rb": {
        "lines": [
          1,
          1,
          2,
          null,
          null,
          1,
          1,
          null,
          null,
          1,
          null,
          1,
          3,
          null,
          null,
          null
        ]
      },
      "/Users/bradyrohrig/turing_work/3mod/projects/rails_engine_fe/app/poros/item.rb": {
        "lines": [
          1,
          1,
          null,
          null,
          null,
          null,
          null,
          1,
          147,
          147,
          147,
          147,
          147,
          null,
          null,
          null,
          null,
          null
        ]
      },
      "/Users/bradyrohrig/turing_work/3mod/projects/rails_engine_fe/app/facades/merchants_facade.rb": {
        "lines": [
          1,
          1,
          2,
          200,
          null,
          null,
          null,
          1,
          3,
          null,
          null,
          1,
          2,
          24,
          null,
          null,
          null,
          null
        ]
      },
      "/Users/bradyrohrig/turing_work/3mod/projects/rails_engine_fe/app/poros/merchant.rb": {
        "lines": [
          1,
          1,
          null,
          null,
          1,
          null,
          203,
          203,
          null,
          null,
          null
        ]
      },
      "/Users/bradyrohrig/turing_work/3mod/projects/rails_engine_fe/app/services/merchant_service.rb": {
        "lines": [
          1,
          1,
          2,
          null,
          null,
          1,
          3,
          null,
          null,
          1,
          2,
          null,
          null,
          1,
          null,
          1,
          7,
          null,
          null
        ]
      },
      "/Users/bradyrohrig/turing_work/3mod/projects/rails_engine_fe/app/controllers/merchants_controller.rb": {
        "lines": [
          1,
          1,
          2,
          null,
          null,
          1,
          2,
          2,
          null,
          null
        ]
      }
    },
    "timestamp": 1676516789
  }
}
